[0.041s] Invoking command in '/home/satyo03/TA/build/robotpadi': CMAKE_PREFIX_PATH=/opt/ros/humble /usr/bin/cmake --build /home/satyo03/TA/build/robotpadi -- -j4 -l4
[0.764s] Invoked command in '/home/satyo03/TA/build/robotpadi' returned '0': CMAKE_PREFIX_PATH=/opt/ros/humble /usr/bin/cmake --build /home/satyo03/TA/build/robotpadi -- -j4 -l4
[0.791s] Invoking command in '/home/satyo03/TA/build/robotpadi': CMAKE_PREFIX_PATH=/opt/ros/humble /usr/bin/cmake --install /home/satyo03/TA/build/robotpadi
[0.817s] -- Install configuration: ""
[0.819s] -- Up-to-date: /home/satyo03/TA/install/robotpadi/share/robotpadi//launch
[0.820s] -- Up-to-date: /home/satyo03/TA/install/robotpadi/share/robotpadi//launch/rsp.launch.py
[0.820s] -- Up-to-date: /home/satyo03/TA/install/robotpadi/share/robotpadi//launch/robot_sim.launch.py
[0.821s] -- Up-to-date: /home/satyo03/TA/install/robotpadi/share/robotpadi//launch/teleop_joy.launch.py
[0.821s] -- Up-to-date: /home/satyo03/TA/install/robotpadi/share/robotpadi//config
[0.821s] -- Up-to-date: /home/satyo03/TA/install/robotpadi/share/robotpadi//config/diff_drive_controller.yaml
[0.821s] -- Up-to-date: /home/satyo03/TA/install/robotpadi/share/robotpadi//config/teleop_joystick.yaml
[0.821s] -- Up-to-date: /home/satyo03/TA/install/robotpadi/share/robotpadi//config/twist_mux.yaml
[0.821s] -- Up-to-date: /home/satyo03/TA/install/robotpadi/share/robotpadi//worlds
[0.821s] -- Up-to-date: /home/satyo03/TA/install/robotpadi/share/robotpadi//worlds/worlds.sdf
[0.824s] -- Up-to-date: /home/satyo03/TA/install/robotpadi/share/robotpadi//urdf
[0.824s] -- Up-to-date: /home/satyo03/TA/install/robotpadi/share/robotpadi//urdf/robot_padi.xacro
[0.824s] -- Up-to-date: /home/satyo03/TA/install/robotpadi/share/robotpadi//urdf/imu.xacro
[0.824s] -- Up-to-date: /home/satyo03/TA/install/robotpadi/share/robotpadi//urdf/ros2_control.xacro
[0.825s] -- Up-to-date: /home/satyo03/TA/install/robotpadi/share/robotpadi//urdf/main.xacro
[0.825s] -- Up-to-date: /home/satyo03/TA/install/robotpadi/share/robotpadi//urdf/gazebo_plugin.xacro
[0.825s] -- Up-to-date: /home/satyo03/TA/install/robotpadi/share/robotpadi//rviz
[0.825s] -- Up-to-date: /home/satyo03/TA/install/robotpadi/share/robotpadi//rviz/view.rviz
[0.825s] -- Up-to-date: /home/satyo03/TA/install/robotpadi/share/robotpadi//models
[0.825s] -- Up-to-date: /home/satyo03/TA/install/robotpadi/share/robotpadi//models/sand_heightmap
[0.825s] -- Up-to-date: /home/satyo03/TA/install/robotpadi/share/robotpadi//models/sand_heightmap/model.config
[0.825s] -- Up-to-date: /home/satyo03/TA/install/robotpadi/share/robotpadi//models/sand_heightmap/thumbnails
[0.826s] -- Up-to-date: /home/satyo03/TA/install/robotpadi/share/robotpadi//models/sand_heightmap/thumbnails/2.png
[0.826s] -- Up-to-date: /home/satyo03/TA/install/robotpadi/share/robotpadi//models/sand_heightmap/thumbnails/1.png
[0.826s] -- Up-to-date: /home/satyo03/TA/install/robotpadi/share/robotpadi//models/sand_heightmap/meshes
[0.826s] -- Up-to-date: /home/satyo03/TA/install/robotpadi/share/robotpadi//models/sand_heightmap/meshes/heightmap.dae
[0.826s] -- Up-to-date: /home/satyo03/TA/install/robotpadi/share/robotpadi//models/sand_heightmap/model.sdf
[0.826s] -- Up-to-date: /home/satyo03/TA/install/robotpadi/share/robotpadi//models/sand_heightmap/materials
[0.826s] -- Up-to-date: /home/satyo03/TA/install/robotpadi/share/robotpadi//models/sand_heightmap/materials/scripts
[0.830s] -- Up-to-date: /home/satyo03/TA/install/robotpadi/share/robotpadi//models/sand_heightmap/materials/scripts/sand.material
[0.830s] -- Up-to-date: /home/satyo03/TA/install/robotpadi/share/robotpadi//models/sand_heightmap/materials/textures
[0.830s] -- Up-to-date: /home/satyo03/TA/install/robotpadi/share/robotpadi//models/sand_heightmap/materials/textures/soil_sand_0045_01.jpg
[0.830s] -- Up-to-date: /home/satyo03/TA/install/robotpadi/share/robotpadi//meshes
[0.831s] -- Up-to-date: /home/satyo03/TA/install/robotpadi/share/robotpadi//meshes/base_link.STL
[0.831s] -- Up-to-date: /home/satyo03/TA/install/robotpadi/share/robotpadi//meshes/Wheel_RR_Link.STL
[0.831s] -- Up-to-date: /home/satyo03/TA/install/robotpadi/share/robotpadi//meshes/Wheel_FR_Link.STL
[0.831s] -- Up-to-date: /home/satyo03/TA/install/robotpadi/share/robotpadi//meshes/Wheel_FL_Link.STL
[0.831s] -- Up-to-date: /home/satyo03/TA/install/robotpadi/share/robotpadi//meshes/Wheel_RL_Link.STL
[0.831s] -- Up-to-date: /home/satyo03/TA/install/robotpadi/share/ament_index/resource_index/package_run_dependencies/robotpadi
[0.831s] -- Up-to-date: /home/satyo03/TA/install/robotpadi/share/ament_index/resource_index/parent_prefix_path/robotpadi
[0.832s] -- Up-to-date: /home/satyo03/TA/install/robotpadi/share/robotpadi/environment/ament_prefix_path.sh
[0.832s] -- Up-to-date: /home/satyo03/TA/install/robotpadi/share/robotpadi/environment/ament_prefix_path.dsv
[0.832s] -- Up-to-date: /home/satyo03/TA/install/robotpadi/share/robotpadi/environment/path.sh
[0.832s] -- Up-to-date: /home/satyo03/TA/install/robotpadi/share/robotpadi/environment/path.dsv
[0.832s] -- Up-to-date: /home/satyo03/TA/install/robotpadi/share/robotpadi/local_setup.bash
[0.832s] -- Up-to-date: /home/satyo03/TA/install/robotpadi/share/robotpadi/local_setup.sh
[0.832s] -- Up-to-date: /home/satyo03/TA/install/robotpadi/share/robotpadi/local_setup.zsh
[0.845s] -- Up-to-date: /home/satyo03/TA/install/robotpadi/share/robotpadi/local_setup.dsv
[0.845s] -- Installing: /home/satyo03/TA/install/robotpadi/share/robotpadi/package.dsv
[0.845s] -- Up-to-date: /home/satyo03/TA/install/robotpadi/share/ament_index/resource_index/packages/robotpadi
[0.845s] -- Up-to-date: /home/satyo03/TA/install/robotpadi/share/robotpadi/cmake/robotpadiConfig.cmake
[0.845s] -- Up-to-date: /home/satyo03/TA/install/robotpadi/share/robotpadi/cmake/robotpadiConfig-version.cmake
[0.845s] -- Up-to-date: /home/satyo03/TA/install/robotpadi/share/robotpadi/package.xml
[0.851s] Invoked command in '/home/satyo03/TA/build/robotpadi' returned '0': CMAKE_PREFIX_PATH=/opt/ros/humble /usr/bin/cmake --install /home/satyo03/TA/build/robotpadi
