[0.023s] Invoking command in '/home/satyo03/TA/build/robotpadi': CMAKE_PREFIX_PATH=/opt/ros/humble /usr/bin/cmake /home/satyo03/TA/robotpadi -DCMAKE_INSTALL_PREFIX=/home/satyo03/TA/install/robotpadi
[0.154s] -- The C compiler identification is GNU 11.4.0
[0.308s] -- The CXX compiler identification is GNU 11.4.0
[0.323s] -- Detecting C compiler ABI info
[0.439s] -- Detecting C compiler ABI info - done
[0.453s] -- Check for working C compiler: /usr/bin/cc - skipped
[0.454s] -- Detecting C compile features
[0.454s] -- Detecting C compile features - done
[0.461s] -- Detecting CXX compiler ABI info
[0.584s] -- Detecting CXX compiler ABI info - done
[0.599s] -- Check for working CXX compiler: /usr/bin/c++ - skipped
[0.600s] -- Detecting CXX compile features
[0.601s] -- Detecting CXX compile features - done
[0.608s] -- Found ament_cmake: 1.3.11 (/opt/ros/humble/share/ament_cmake/cmake)
[0.845s] -- Found Python3: /usr/bin/python3 (found version "3.10.12") found components: Interpreter 
[0.982s] -- Found ament_lint_auto: 0.12.12 (/opt/ros/humble/share/ament_lint_auto/cmake)
[1.098s] -- Added test 'flake8' to check Python code syntax and style conventions
[1.102s] -- Added test 'lint_cmake' to check CMake code style
[1.104s] -- Added test 'pep257' to check Python code against some of the docstring style conventions in PEP 257
[1.111s] -- Added test 'xmllint' to check XML markup files
[1.114s] -- Configuring done
[1.118s] -- Generating done
[1.121s] -- Build files have been written to: /home/satyo03/TA/build/robotpadi
[1.127s] Invoked command in '/home/satyo03/TA/build/robotpadi' returned '0': CMAKE_PREFIX_PATH=/opt/ros/humble /usr/bin/cmake /home/satyo03/TA/robotpadi -DCMAKE_INSTALL_PREFIX=/home/satyo03/TA/install/robotpadi
[1.130s] Invoking command in '/home/satyo03/TA/build/robotpadi': CMAKE_PREFIX_PATH=/opt/ros/humble /usr/bin/cmake --build /home/satyo03/TA/build/robotpadi -- -j4 -l4
[1.182s] Invoked command in '/home/satyo03/TA/build/robotpadi' returned '0': CMAKE_PREFIX_PATH=/opt/ros/humble /usr/bin/cmake --build /home/satyo03/TA/build/robotpadi -- -j4 -l4
[1.196s] Invoking command in '/home/satyo03/TA/build/robotpadi': CMAKE_PREFIX_PATH=/opt/ros/humble /usr/bin/cmake --install /home/satyo03/TA/build/robotpadi
[1.206s] -- Install configuration: ""
[1.206s] -- Installing: /home/satyo03/TA/install/robotpadi/share/robotpadi//launch
[1.206s] -- Installing: /home/satyo03/TA/install/robotpadi/share/robotpadi//launch/rsp.launch.py
[1.206s] -- Installing: /home/satyo03/TA/install/robotpadi/share/robotpadi//launch/robot_sim.launch.py
[1.206s] -- Installing: /home/satyo03/TA/install/robotpadi/share/robotpadi//launch/teleop_key.launch.py
[1.206s] -- Installing: /home/satyo03/TA/install/robotpadi/share/robotpadi//config
[1.207s] -- Installing: /home/satyo03/TA/install/robotpadi/share/robotpadi//config/diff_drive_controller.yaml
[1.207s] -- Installing: /home/satyo03/TA/install/robotpadi/share/robotpadi//config/teleop_joystick.yaml
[1.207s] -- Installing: /home/satyo03/TA/install/robotpadi/share/robotpadi//config/twist_mux.yaml
[1.207s] -- Installing: /home/satyo03/TA/install/robotpadi/share/robotpadi//worlds
[1.208s] -- Installing: /home/satyo03/TA/install/robotpadi/share/robotpadi//worlds/worlds.sdf
[1.208s] -- Installing: /home/satyo03/TA/install/robotpadi/share/robotpadi//urdf
[1.208s] -- Installing: /home/satyo03/TA/install/robotpadi/share/robotpadi//urdf/robot_padi.xacro
[1.208s] -- Installing: /home/satyo03/TA/install/robotpadi/share/robotpadi//urdf/imu.xacro
[1.209s] -- Installing: /home/satyo03/TA/install/robotpadi/share/robotpadi//urdf/ros2_control.xacro
[1.209s] -- Installing: /home/satyo03/TA/install/robotpadi/share/robotpadi//urdf/main.xacro
[1.209s] -- Installing: /home/satyo03/TA/install/robotpadi/share/robotpadi//urdf/gazebo_plugin.xacro
[1.210s] -- Installing: /home/satyo03/TA/install/robotpadi/share/robotpadi//rviz
[1.210s] -- Installing: /home/satyo03/TA/install/robotpadi/share/robotpadi//rviz/view.rviz
[1.210s] -- Installing: /home/satyo03/TA/install/robotpadi/share/robotpadi//models
[1.210s] -- Installing: /home/satyo03/TA/install/robotpadi/share/robotpadi//models/sand_heightmap
[1.210s] -- Installing: /home/satyo03/TA/install/robotpadi/share/robotpadi//models/sand_heightmap/model.config
[1.211s] -- Installing: /home/satyo03/TA/install/robotpadi/share/robotpadi//models/sand_heightmap/thumbnails
[1.211s] -- Installing: /home/satyo03/TA/install/robotpadi/share/robotpadi//models/sand_heightmap/thumbnails/2.png
[1.214s] -- Installing: /home/satyo03/TA/install/robotpadi/share/robotpadi//models/sand_heightmap/thumbnails/1.png
[1.216s] -- Installing: /home/satyo03/TA/install/robotpadi/share/robotpadi//models/sand_heightmap/meshes
[1.217s] -- Installing: /home/satyo03/TA/install/robotpadi/share/robotpadi//models/sand_heightmap/meshes/heightmap.dae
[1.229s] -- Installing: /home/satyo03/TA/install/robotpadi/share/robotpadi//models/sand_heightmap/model.sdf
[1.229s] -- Installing: /home/satyo03/TA/install/robotpadi/share/robotpadi//models/sand_heightmap/materials
[1.230s] -- Installing: /home/satyo03/TA/install/robotpadi/share/robotpadi//models/sand_heightmap/materials/scripts
[1.230s] -- Installing: /home/satyo03/TA/install/robotpadi/share/robotpadi//models/sand_heightmap/materials/scripts/sand.material
[1.230s] -- Installing: /home/satyo03/TA/install/robotpadi/share/robotpadi//models/sand_heightmap/materials/textures
[1.231s] -- Installing: /home/satyo03/TA/install/robotpadi/share/robotpadi//models/sand_heightmap/materials/textures/soil_sand_0045_01.jpg
[1.241s] -- Installing: /home/satyo03/TA/install/robotpadi/share/robotpadi//meshes
[1.241s] -- Installing: /home/satyo03/TA/install/robotpadi/share/robotpadi//meshes/base_link.STL
[1.244s] -- Installing: /home/satyo03/TA/install/robotpadi/share/robotpadi//meshes/Wheel_RR_Link.STL
[1.245s] -- Installing: /home/satyo03/TA/install/robotpadi/share/robotpadi//meshes/Wheel_FR_Link.STL
[1.246s] -- Installing: /home/satyo03/TA/install/robotpadi/share/robotpadi//meshes/Wheel_FL_Link.STL
[1.247s] -- Installing: /home/satyo03/TA/install/robotpadi/share/robotpadi//meshes/Wheel_RL_Link.STL
[1.248s] -- Installing: /home/satyo03/TA/install/robotpadi/share/ament_index/resource_index/package_run_dependencies/robotpadi
[1.248s] -- Installing: /home/satyo03/TA/install/robotpadi/share/ament_index/resource_index/parent_prefix_path/robotpadi
[1.249s] -- Installing: /home/satyo03/TA/install/robotpadi/share/robotpadi/environment/ament_prefix_path.sh
[1.249s] -- Installing: /home/satyo03/TA/install/robotpadi/share/robotpadi/environment/ament_prefix_path.dsv
[1.249s] -- Installing: /home/satyo03/TA/install/robotpadi/share/robotpadi/environment/path.sh
[1.250s] -- Installing: /home/satyo03/TA/install/robotpadi/share/robotpadi/environment/path.dsv
[1.251s] -- Installing: /home/satyo03/TA/install/robotpadi/share/robotpadi/local_setup.bash
[1.251s] -- Installing: /home/satyo03/TA/install/robotpadi/share/robotpadi/local_setup.sh
[1.252s] -- Installing: /home/satyo03/TA/install/robotpadi/share/robotpadi/local_setup.zsh
[1.252s] -- Installing: /home/satyo03/TA/install/robotpadi/share/robotpadi/local_setup.dsv
[1.253s] -- Installing: /home/satyo03/TA/install/robotpadi/share/robotpadi/package.dsv
[1.253s] -- Installing: /home/satyo03/TA/install/robotpadi/share/ament_index/resource_index/packages/robotpadi
[1.253s] -- Installing: /home/satyo03/TA/install/robotpadi/share/robotpadi/cmake/robotpadiConfig.cmake
[1.254s] -- Installing: /home/satyo03/TA/install/robotpadi/share/robotpadi/cmake/robotpadiConfig-version.cmake
[1.255s] -- Installing: /home/satyo03/TA/install/robotpadi/share/robotpadi/package.xml
[1.257s] Invoked command in '/home/satyo03/TA/build/robotpadi' returned '0': CMAKE_PREFIX_PATH=/opt/ros/humble /usr/bin/cmake --install /home/satyo03/TA/build/robotpadi
