-- Install configuration: ""
-- Up-to-date: /home/satyo03/TA/install/robotpadi/share/robotpadi//launch
-- Up-to-date: /home/satyo03/TA/install/robotpadi/share/robotpadi//launch/rsp.launch.py
-- Up-to-date: /home/satyo03/TA/install/robotpadi/share/robotpadi//launch/robot_sim.launch.py
-- Up-to-date: /home/satyo03/TA/install/robotpadi/share/robotpadi//launch/teleop_joy.launch.py
-- Up-to-date: /home/satyo03/TA/install/robotpadi/share/robotpadi//config
-- Up-to-date: /home/satyo03/TA/install/robotpadi/share/robotpadi//config/diff_drive_controller.yaml
-- Up-to-date: /home/satyo03/TA/install/robotpadi/share/robotpadi//config/teleop_joystick.yaml
-- Up-to-date: /home/satyo03/TA/install/robotpadi/share/robotpadi//config/twist_mux.yaml
-- Up-to-date: /home/satyo03/TA/install/robotpadi/share/robotpadi//worlds
-- Up-to-date: /home/satyo03/TA/install/robotpadi/share/robotpadi//worlds/worlds.sdf
-- Up-to-date: /home/satyo03/TA/install/robotpadi/share/robotpadi//urdf
-- Up-to-date: /home/satyo03/TA/install/robotpadi/share/robotpadi//urdf/robot_padi.xacro
-- Up-to-date: /home/satyo03/TA/install/robotpadi/share/robotpadi//urdf/imu.xacro
-- Up-to-date: /home/satyo03/TA/install/robotpadi/share/robotpadi//urdf/ros2_control.xacro
-- Up-to-date: /home/satyo03/TA/install/robotpadi/share/robotpadi//urdf/main.xacro
-- Up-to-date: /home/satyo03/TA/install/robotpadi/share/robotpadi//urdf/gazebo_plugin.xacro
-- Up-to-date: /home/satyo03/TA/install/robotpadi/share/robotpadi//rviz
-- Up-to-date: /home/satyo03/TA/install/robotpadi/share/robotpadi//rviz/view.rviz
-- Up-to-date: /home/satyo03/TA/install/robotpadi/share/robotpadi//models
-- Up-to-date: /home/satyo03/TA/install/robotpadi/share/robotpadi//models/sand_heightmap
-- Up-to-date: /home/satyo03/TA/install/robotpadi/share/robotpadi//models/sand_heightmap/model.config
-- Up-to-date: /home/satyo03/TA/install/robotpadi/share/robotpadi//models/sand_heightmap/thumbnails
-- Up-to-date: /home/satyo03/TA/install/robotpadi/share/robotpadi//models/sand_heightmap/thumbnails/2.png
-- Up-to-date: /home/satyo03/TA/install/robotpadi/share/robotpadi//models/sand_heightmap/thumbnails/1.png
-- Up-to-date: /home/satyo03/TA/install/robotpadi/share/robotpadi//models/sand_heightmap/meshes
-- Up-to-date: /home/satyo03/TA/install/robotpadi/share/robotpadi//models/sand_heightmap/meshes/heightmap.dae
-- Up-to-date: /home/satyo03/TA/install/robotpadi/share/robotpadi//models/sand_heightmap/model.sdf
-- Up-to-date: /home/satyo03/TA/install/robotpadi/share/robotpadi//models/sand_heightmap/materials
-- Up-to-date: /home/satyo03/TA/install/robotpadi/share/robotpadi//models/sand_heightmap/materials/scripts
-- Up-to-date: /home/satyo03/TA/install/robotpadi/share/robotpadi//models/sand_heightmap/materials/scripts/sand.material
-- Up-to-date: /home/satyo03/TA/install/robotpadi/share/robotpadi//models/sand_heightmap/materials/textures
-- Up-to-date: /home/satyo03/TA/install/robotpadi/share/robotpadi//models/sand_heightmap/materials/textures/soil_sand_0045_01.jpg
-- Up-to-date: /home/satyo03/TA/install/robotpadi/share/robotpadi//meshes
-- Up-to-date: /home/satyo03/TA/install/robotpadi/share/robotpadi//meshes/base_link.STL
-- Up-to-date: /home/satyo03/TA/install/robotpadi/share/robotpadi//meshes/Wheel_RR_Link.STL
-- Up-to-date: /home/satyo03/TA/install/robotpadi/share/robotpadi//meshes/Wheel_FR_Link.STL
-- Up-to-date: /home/satyo03/TA/install/robotpadi/share/robotpadi//meshes/Wheel_FL_Link.STL
-- Up-to-date: /home/satyo03/TA/install/robotpadi/share/robotpadi//meshes/Wheel_RL_Link.STL
-- Up-to-date: /home/satyo03/TA/install/robotpadi/share/ament_index/resource_index/package_run_dependencies/robotpadi
-- Up-to-date: /home/satyo03/TA/install/robotpadi/share/ament_index/resource_index/parent_prefix_path/robotpadi
-- Up-to-date: /home/satyo03/TA/install/robotpadi/share/robotpadi/environment/ament_prefix_path.sh
-- Up-to-date: /home/satyo03/TA/install/robotpadi/share/robotpadi/environment/ament_prefix_path.dsv
-- Up-to-date: /home/satyo03/TA/install/robotpadi/share/robotpadi/environment/path.sh
-- Up-to-date: /home/satyo03/TA/install/robotpadi/share/robotpadi/environment/path.dsv
-- Up-to-date: /home/satyo03/TA/install/robotpadi/share/robotpadi/local_setup.bash
-- Up-to-date: /home/satyo03/TA/install/robotpadi/share/robotpadi/local_setup.sh
-- Up-to-date: /home/satyo03/TA/install/robotpadi/share/robotpadi/local_setup.zsh
-- Up-to-date: /home/satyo03/TA/install/robotpadi/share/robotpadi/local_setup.dsv
-- Installing: /home/satyo03/TA/install/robotpadi/share/robotpadi/package.dsv
-- Up-to-date: /home/satyo03/TA/install/robotpadi/share/ament_index/resource_index/packages/robotpadi
-- Up-to-date: /home/satyo03/TA/install/robotpadi/share/robotpadi/cmake/robotpadiConfig.cmake
-- Up-to-date: /home/satyo03/TA/install/robotpadi/share/robotpadi/cmake/robotpadiConfig-version.cmake
-- Up-to-date: /home/satyo03/TA/install/robotpadi/share/robotpadi/package.xml
