[0.033s] Invoking command in '/home/satyo03/TA/build/robotpadi': CMAKE_PREFIX_PATH=${CMAKE_PREFIX_PATH}:/home/satyo03/TA/install/robotsatyo_pkg:/opt/ros/humble /usr/bin/cmake --build /home/satyo03/TA/build/robotpadi -- -j4 -l4
[0.597s] Invoked command in '/home/satyo03/TA/build/robotpadi' returned '0': CMAKE_PREFIX_PATH=${CMAKE_PREFIX_PATH}:/home/satyo03/TA/install/robotsatyo_pkg:/opt/ros/humble /usr/bin/cmake --build /home/satyo03/TA/build/robotpadi -- -j4 -l4
[0.622s] Invoking command in '/home/satyo03/TA/build/robotpadi': CMAKE_PREFIX_PATH=${CMAKE_PREFIX_PATH}:/home/satyo03/TA/install/robotsatyo_pkg:/opt/ros/humble /usr/bin/cmake --install /home/satyo03/TA/build/robotpadi
[0.637s] -- Install configuration: ""
[0.638s] -- Up-to-date: /home/satyo03/TA/install/robotpadi/share/robotpadi//launch
[0.638s] -- Up-to-date: /home/satyo03/TA/install/robotpadi/share/robotpadi//launch/rsp.launch.py
[0.638s] -- Up-to-date: /home/satyo03/TA/install/robotpadi/share/robotpadi//launch/robot_sim.launch.py
[0.639s] -- Installing: /home/satyo03/TA/install/robotpadi/share/robotpadi//launch/teleop_joy.launch.py
[0.639s] -- Up-to-date: /home/satyo03/TA/install/robotpadi/share/robotpadi//config
[0.639s] -- Up-to-date: /home/satyo03/TA/install/robotpadi/share/robotpadi//config/diff_drive_controller.yaml
[0.639s] -- Up-to-date: /home/satyo03/TA/install/robotpadi/share/robotpadi//config/teleop_joystick.yaml
[0.639s] -- Up-to-date: /home/satyo03/TA/install/robotpadi/share/robotpadi//config/twist_mux.yaml
[0.640s] -- Up-to-date: /home/satyo03/TA/install/robotpadi/share/robotpadi//worlds
[0.640s] -- Up-to-date: /home/satyo03/TA/install/robotpadi/share/robotpadi//worlds/worlds.sdf
[0.641s] -- Up-to-date: /home/satyo03/TA/install/robotpadi/share/robotpadi//urdf
[0.641s] -- Up-to-date: /home/satyo03/TA/install/robotpadi/share/robotpadi//urdf/robot_padi.xacro
[0.642s] -- Up-to-date: /home/satyo03/TA/install/robotpadi/share/robotpadi//urdf/imu.xacro
[0.642s] -- Up-to-date: /home/satyo03/TA/install/robotpadi/share/robotpadi//urdf/ros2_control.xacro
[0.642s] -- Up-to-date: /home/satyo03/TA/install/robotpadi/share/robotpadi//urdf/main.xacro
[0.643s] -- Up-to-date: /home/satyo03/TA/install/robotpadi/share/robotpadi//urdf/gazebo_plugin.xacro
[0.643s] -- Up-to-date: /home/satyo03/TA/install/robotpadi/share/robotpadi//rviz
[0.643s] -- Up-to-date: /home/satyo03/TA/install/robotpadi/share/robotpadi//rviz/view.rviz
[0.643s] -- Up-to-date: /home/satyo03/TA/install/robotpadi/share/robotpadi//models
[0.643s] -- Up-to-date: /home/satyo03/TA/install/robotpadi/share/robotpadi//models/sand_heightmap
[0.643s] -- Up-to-date: /home/satyo03/TA/install/robotpadi/share/robotpadi//models/sand_heightmap/model.config
[0.643s] -- Up-to-date: /home/satyo03/TA/install/robotpadi/share/robotpadi//models/sand_heightmap/thumbnails
[0.643s] -- Up-to-date: /home/satyo03/TA/install/robotpadi/share/robotpadi//models/sand_heightmap/thumbnails/2.png
[0.644s] -- Up-to-date: /home/satyo03/TA/install/robotpadi/share/robotpadi//models/sand_heightmap/thumbnails/1.png
[0.644s] -- Up-to-date: /home/satyo03/TA/install/robotpadi/share/robotpadi//models/sand_heightmap/meshes
[0.644s] -- Up-to-date: /home/satyo03/TA/install/robotpadi/share/robotpadi//models/sand_heightmap/meshes/heightmap.dae
[0.644s] -- Up-to-date: /home/satyo03/TA/install/robotpadi/share/robotpadi//models/sand_heightmap/model.sdf
[0.644s] -- Up-to-date: /home/satyo03/TA/install/robotpadi/share/robotpadi//models/sand_heightmap/materials
[0.645s] -- Up-to-date: /home/satyo03/TA/install/robotpadi/share/robotpadi//models/sand_heightmap/materials/scripts
[0.645s] -- Up-to-date: /home/satyo03/TA/install/robotpadi/share/robotpadi//models/sand_heightmap/materials/scripts/sand.material
[0.646s] -- Up-to-date: /home/satyo03/TA/install/robotpadi/share/robotpadi//models/sand_heightmap/materials/textures
[0.646s] -- Up-to-date: /home/satyo03/TA/install/robotpadi/share/robotpadi//models/sand_heightmap/materials/textures/soil_sand_0045_01.jpg
[0.646s] -- Up-to-date: /home/satyo03/TA/install/robotpadi/share/robotpadi//meshes
[0.646s] -- Up-to-date: /home/satyo03/TA/install/robotpadi/share/robotpadi//meshes/base_link.STL
[0.646s] -- Up-to-date: /home/satyo03/TA/install/robotpadi/share/robotpadi//meshes/Wheel_RR_Link.STL
[0.646s] -- Up-to-date: /home/satyo03/TA/install/robotpadi/share/robotpadi//meshes/Wheel_FR_Link.STL
[0.646s] -- Up-to-date: /home/satyo03/TA/install/robotpadi/share/robotpadi//meshes/Wheel_FL_Link.STL
[0.647s] -- Up-to-date: /home/satyo03/TA/install/robotpadi/share/robotpadi//meshes/Wheel_RL_Link.STL
[0.647s] -- Up-to-date: /home/satyo03/TA/install/robotpadi/share/ament_index/resource_index/package_run_dependencies/robotpadi
[0.647s] -- Up-to-date: /home/satyo03/TA/install/robotpadi/share/ament_index/resource_index/parent_prefix_path/robotpadi
[0.647s] -- Up-to-date: /home/satyo03/TA/install/robotpadi/share/robotpadi/environment/ament_prefix_path.sh
[0.647s] -- Up-to-date: /home/satyo03/TA/install/robotpadi/share/robotpadi/environment/ament_prefix_path.dsv
[0.647s] -- Up-to-date: /home/satyo03/TA/install/robotpadi/share/robotpadi/environment/path.sh
[0.647s] -- Up-to-date: /home/satyo03/TA/install/robotpadi/share/robotpadi/environment/path.dsv
[0.647s] -- Up-to-date: /home/satyo03/TA/install/robotpadi/share/robotpadi/local_setup.bash
[0.648s] -- Up-to-date: /home/satyo03/TA/install/robotpadi/share/robotpadi/local_setup.sh
[0.648s] -- Up-to-date: /home/satyo03/TA/install/robotpadi/share/robotpadi/local_setup.zsh
[0.648s] -- Up-to-date: /home/satyo03/TA/install/robotpadi/share/robotpadi/local_setup.dsv
[0.648s] -- Up-to-date: /home/satyo03/TA/install/robotpadi/share/robotpadi/package.dsv
[0.648s] -- Up-to-date: /home/satyo03/TA/install/robotpadi/share/ament_index/resource_index/packages/robotpadi
[0.648s] -- Up-to-date: /home/satyo03/TA/install/robotpadi/share/robotpadi/cmake/robotpadiConfig.cmake
[0.649s] -- Up-to-date: /home/satyo03/TA/install/robotpadi/share/robotpadi/cmake/robotpadiConfig-version.cmake
[0.649s] -- Up-to-date: /home/satyo03/TA/install/robotpadi/share/robotpadi/package.xml
[0.652s] Invoked command in '/home/satyo03/TA/build/robotpadi' returned '0': CMAKE_PREFIX_PATH=${CMAKE_PREFIX_PATH}:/home/satyo03/TA/install/robotsatyo_pkg:/opt/ros/humble /usr/bin/cmake --install /home/satyo03/TA/build/robotpadi
