[0.188s] DEBUG:colcon:Command line arguments: ['/usr/bin/colcon', 'build']
[0.189s] DEBUG:colcon:Parsed command line arguments: Namespace(log_base=None, log_level=None, verb_name='build', build_base='build', install_base='install', merge_install=False, symlink_install=False, test_result_base=None, continue_on_error=False, executor='parallel', parallel_workers=4, event_handlers=None, ignore_user_meta=False, metas=['./colcon.meta'], base_paths=['.'], packages_ignore=None, packages_ignore_regex=None, paths=None, packages_up_to=None, packages_up_to_regex=None, packages_above=None, packages_above_and_dependencies=None, packages_above_depth=None, packages_select_by_dep=None, packages_skip_by_dep=None, packages_skip_up_to=None, packages_select_build_failed=False, packages_skip_build_finished=False, packages_select_test_failures=False, packages_skip_test_passed=False, packages_select=None, packages_skip=None, packages_select_regex=None, packages_skip_regex=None, packages_start=None, packages_end=None, allow_overriding=[], cmake_args=None, cmake_target=None, cmake_target_skip_unavailable=False, cmake_clean_cache=False, cmake_clean_first=False, cmake_force_configure=False, ament_cmake_args=None, catkin_cmake_args=None, catkin_skip_building_tests=False, verb_parser=<colcon_defaults.argument_parser.defaults.DefaultArgumentsDecorator object at 0x796c8ad2c910>, verb_extension=<colcon_core.verb.build.BuildVerb object at 0x796c8ae69db0>, main=<bound method BuildVerb.main of <colcon_core.verb.build.BuildVerb object at 0x796c8ae69db0>>)
[0.474s] Level 1:colcon.colcon_core.package_discovery:discover_packages(colcon_meta) check parameters
[0.475s] Level 1:colcon.colcon_core.package_discovery:discover_packages(recursive) check parameters
[0.475s] Level 1:colcon.colcon_core.package_discovery:discover_packages(ignore) check parameters
[0.475s] Level 1:colcon.colcon_core.package_discovery:discover_packages(path) check parameters
[0.475s] Level 1:colcon.colcon_core.package_discovery:discover_packages(colcon_meta) discover
[0.475s] Level 1:colcon.colcon_core.package_discovery:discover_packages(recursive) discover
[0.475s] INFO:colcon.colcon_core.package_discovery:Crawling recursively for packages in '/home/satyo03/TA'
[0.475s] Level 1:colcon.colcon_core.package_identification:_identify(.) by extensions ['ignore', 'ignore_ament_install']
[0.475s] Level 1:colcon.colcon_core.package_identification:_identify(.) by extension 'ignore'
[0.476s] Level 1:colcon.colcon_core.package_identification:_identify(.) by extension 'ignore_ament_install'
[0.476s] Level 1:colcon.colcon_core.package_identification:_identify(.) by extensions ['colcon_pkg']
[0.476s] Level 1:colcon.colcon_core.package_identification:_identify(.) by extension 'colcon_pkg'
[0.476s] Level 1:colcon.colcon_core.package_identification:_identify(.) by extensions ['colcon_meta']
[0.476s] Level 1:colcon.colcon_core.package_identification:_identify(.) by extension 'colcon_meta'
[0.476s] Level 1:colcon.colcon_core.package_identification:_identify(.) by extensions ['ros']
[0.476s] Level 1:colcon.colcon_core.package_identification:_identify(.) by extension 'ros'
[0.499s] Level 1:colcon.colcon_core.package_identification:_identify(.) by extensions ['cmake', 'python']
[0.499s] Level 1:colcon.colcon_core.package_identification:_identify(.) by extension 'cmake'
[0.499s] Level 1:colcon.colcon_core.package_identification:_identify(.) by extension 'python'
[0.499s] Level 1:colcon.colcon_core.package_identification:_identify(.) by extensions ['python_setup_py']
[0.499s] Level 1:colcon.colcon_core.package_identification:_identify(.) by extension 'python_setup_py'
[0.500s] Level 1:colcon.colcon_core.package_identification:_identify(build) by extensions ['ignore', 'ignore_ament_install']
[0.500s] Level 1:colcon.colcon_core.package_identification:_identify(build) by extension 'ignore'
[0.500s] Level 1:colcon.colcon_core.package_identification:_identify(build) ignored
[0.500s] Level 1:colcon.colcon_core.package_identification:_identify(install) by extensions ['ignore', 'ignore_ament_install']
[0.500s] Level 1:colcon.colcon_core.package_identification:_identify(install) by extension 'ignore'
[0.500s] Level 1:colcon.colcon_core.package_identification:_identify(install) ignored
[0.501s] Level 1:colcon.colcon_core.package_identification:_identify(log) by extensions ['ignore', 'ignore_ament_install']
[0.501s] Level 1:colcon.colcon_core.package_identification:_identify(log) by extension 'ignore'
[0.501s] Level 1:colcon.colcon_core.package_identification:_identify(log) ignored
[0.501s] Level 1:colcon.colcon_core.package_identification:_identify(robotpadi) by extensions ['ignore', 'ignore_ament_install']
[0.501s] Level 1:colcon.colcon_core.package_identification:_identify(robotpadi) by extension 'ignore'
[0.501s] Level 1:colcon.colcon_core.package_identification:_identify(robotpadi) by extension 'ignore_ament_install'
[0.501s] Level 1:colcon.colcon_core.package_identification:_identify(robotpadi) by extensions ['colcon_pkg']
[0.502s] Level 1:colcon.colcon_core.package_identification:_identify(robotpadi) by extension 'colcon_pkg'
[0.502s] Level 1:colcon.colcon_core.package_identification:_identify(robotpadi) by extensions ['colcon_meta']
[0.502s] Level 1:colcon.colcon_core.package_identification:_identify(robotpadi) by extension 'colcon_meta'
[0.502s] Level 1:colcon.colcon_core.package_identification:_identify(robotpadi) by extensions ['ros']
[0.502s] Level 1:colcon.colcon_core.package_identification:_identify(robotpadi) by extension 'ros'
[0.507s] DEBUG:colcon.colcon_core.package_identification:Package 'robotpadi' with type 'ros.ament_cmake' and name 'robotpadi'
[0.507s] Level 1:colcon.colcon_core.package_identification:_identify(robotsatyo_pkg) by extensions ['ignore', 'ignore_ament_install']
[0.508s] Level 1:colcon.colcon_core.package_identification:_identify(robotsatyo_pkg) by extension 'ignore'
[0.508s] Level 1:colcon.colcon_core.package_identification:_identify(robotsatyo_pkg) by extension 'ignore_ament_install'
[0.508s] Level 1:colcon.colcon_core.package_identification:_identify(robotsatyo_pkg) by extensions ['colcon_pkg']
[0.508s] Level 1:colcon.colcon_core.package_identification:_identify(robotsatyo_pkg) by extension 'colcon_pkg'
[0.508s] Level 1:colcon.colcon_core.package_identification:_identify(robotsatyo_pkg) by extensions ['colcon_meta']
[0.508s] Level 1:colcon.colcon_core.package_identification:_identify(robotsatyo_pkg) by extension 'colcon_meta'
[0.508s] Level 1:colcon.colcon_core.package_identification:_identify(robotsatyo_pkg) by extensions ['ros']
[0.508s] Level 1:colcon.colcon_core.package_identification:_identify(robotsatyo_pkg) by extension 'ros'
[0.510s] DEBUG:colcon.colcon_core.package_identification:Package 'robotsatyo_pkg' with type 'ros.ament_python' and name 'robotsatyo_pkg'
[0.510s] Level 1:colcon.colcon_core.package_discovery:discover_packages(recursive) using defaults
[0.510s] Level 1:colcon.colcon_core.package_discovery:discover_packages(ignore) discover
[0.510s] Level 1:colcon.colcon_core.package_discovery:discover_packages(ignore) using defaults
[0.510s] Level 1:colcon.colcon_core.package_discovery:discover_packages(path) discover
[0.510s] Level 1:colcon.colcon_core.package_discovery:discover_packages(path) using defaults
[0.564s] Level 1:colcon.colcon_core.package_discovery:discover_packages(prefix_path) check parameters
[0.564s] Level 1:colcon.colcon_core.package_discovery:discover_packages(prefix_path) discover
[0.570s] DEBUG:colcon.colcon_installed_package_information.package_discovery:Found 336 installed packages in /opt/ros/humble
[0.573s] Level 1:colcon.colcon_core.package_discovery:discover_packages(prefix_path) using defaults
[0.644s] Level 5:colcon.colcon_core.verb:set package 'robotpadi' build argument 'cmake_args' from command line to 'None'
[0.644s] Level 5:colcon.colcon_core.verb:set package 'robotpadi' build argument 'cmake_target' from command line to 'None'
[0.644s] Level 5:colcon.colcon_core.verb:set package 'robotpadi' build argument 'cmake_target_skip_unavailable' from command line to 'False'
[0.644s] Level 5:colcon.colcon_core.verb:set package 'robotpadi' build argument 'cmake_clean_cache' from command line to 'False'
[0.644s] Level 5:colcon.colcon_core.verb:set package 'robotpadi' build argument 'cmake_clean_first' from command line to 'False'
[0.644s] Level 5:colcon.colcon_core.verb:set package 'robotpadi' build argument 'cmake_force_configure' from command line to 'False'
[0.644s] Level 5:colcon.colcon_core.verb:set package 'robotpadi' build argument 'ament_cmake_args' from command line to 'None'
[0.644s] Level 5:colcon.colcon_core.verb:set package 'robotpadi' build argument 'catkin_cmake_args' from command line to 'None'
[0.644s] Level 5:colcon.colcon_core.verb:set package 'robotpadi' build argument 'catkin_skip_building_tests' from command line to 'False'
[0.644s] DEBUG:colcon.colcon_core.verb:Building package 'robotpadi' with the following arguments: {'ament_cmake_args': None, 'build_base': '/home/satyo03/TA/build/robotpadi', 'catkin_cmake_args': None, 'catkin_skip_building_tests': False, 'cmake_args': None, 'cmake_clean_cache': False, 'cmake_clean_first': False, 'cmake_force_configure': False, 'cmake_target': None, 'cmake_target_skip_unavailable': False, 'install_base': '/home/satyo03/TA/install/robotpadi', 'merge_install': False, 'path': '/home/satyo03/TA/robotpadi', 'symlink_install': False, 'test_result_base': None}
[0.645s] Level 5:colcon.colcon_core.verb:set package 'robotsatyo_pkg' build argument 'cmake_args' from command line to 'None'
[0.645s] Level 5:colcon.colcon_core.verb:set package 'robotsatyo_pkg' build argument 'cmake_target' from command line to 'None'
[0.645s] Level 5:colcon.colcon_core.verb:set package 'robotsatyo_pkg' build argument 'cmake_target_skip_unavailable' from command line to 'False'
[0.645s] Level 5:colcon.colcon_core.verb:set package 'robotsatyo_pkg' build argument 'cmake_clean_cache' from command line to 'False'
[0.645s] Level 5:colcon.colcon_core.verb:set package 'robotsatyo_pkg' build argument 'cmake_clean_first' from command line to 'False'
[0.645s] Level 5:colcon.colcon_core.verb:set package 'robotsatyo_pkg' build argument 'cmake_force_configure' from command line to 'False'
[0.645s] Level 5:colcon.colcon_core.verb:set package 'robotsatyo_pkg' build argument 'ament_cmake_args' from command line to 'None'
[0.645s] Level 5:colcon.colcon_core.verb:set package 'robotsatyo_pkg' build argument 'catkin_cmake_args' from command line to 'None'
[0.645s] Level 5:colcon.colcon_core.verb:set package 'robotsatyo_pkg' build argument 'catkin_skip_building_tests' from command line to 'False'
[0.645s] DEBUG:colcon.colcon_core.verb:Building package 'robotsatyo_pkg' with the following arguments: {'ament_cmake_args': None, 'build_base': '/home/satyo03/TA/build/robotsatyo_pkg', 'catkin_cmake_args': None, 'catkin_skip_building_tests': False, 'cmake_args': None, 'cmake_clean_cache': False, 'cmake_clean_first': False, 'cmake_force_configure': False, 'cmake_target': None, 'cmake_target_skip_unavailable': False, 'install_base': '/home/satyo03/TA/install/robotsatyo_pkg', 'merge_install': False, 'path': '/home/satyo03/TA/robotsatyo_pkg', 'symlink_install': False, 'test_result_base': None}
[0.646s] INFO:colcon.colcon_core.executor:Executing jobs using 'parallel' executor
[0.647s] DEBUG:colcon.colcon_parallel_executor.executor.parallel:run_until_complete
[0.648s] INFO:colcon.colcon_ros.task.ament_cmake.build:Building ROS package in '/home/satyo03/TA/robotpadi' with build type 'ament_cmake'
[0.648s] INFO:colcon.colcon_cmake.task.cmake.build:Building CMake package in '/home/satyo03/TA/robotpadi'
[0.652s] INFO:colcon.colcon_core.plugin_system:Skipping extension 'colcon_core.shell.bat': Not used on non-Windows systems
[0.653s] INFO:colcon.colcon_core.shell:Skip shell extension 'powershell' for command environment: Not usable outside of PowerShell
[0.653s] DEBUG:colcon.colcon_core.shell:Skip shell extension 'dsv' for command environment
[0.658s] INFO:colcon.colcon_ros.task.ament_python.build:Building ROS package in '/home/satyo03/TA/robotsatyo_pkg' with build type 'ament_python'
[0.659s] Level 1:colcon.colcon_core.shell:create_environment_hook('robotsatyo_pkg', 'ament_prefix_path')
[0.660s] INFO:colcon.colcon_core.shell:Creating environment hook '/home/satyo03/TA/install/robotsatyo_pkg/share/robotsatyo_pkg/hook/ament_prefix_path.ps1'
[0.662s] INFO:colcon.colcon_core.shell:Creating environment descriptor '/home/satyo03/TA/install/robotsatyo_pkg/share/robotsatyo_pkg/hook/ament_prefix_path.dsv'
[0.663s] INFO:colcon.colcon_core.shell:Creating environment hook '/home/satyo03/TA/install/robotsatyo_pkg/share/robotsatyo_pkg/hook/ament_prefix_path.sh'
[0.665s] INFO:colcon.colcon_core.shell:Skip shell extension 'powershell' for command environment: Not usable outside of PowerShell
[0.666s] DEBUG:colcon.colcon_core.shell:Skip shell extension 'dsv' for command environment
[0.677s] DEBUG:colcon.colcon_core.event_handler.log_command:Invoking command in '/home/satyo03/TA/build/robotpadi': CMAKE_PREFIX_PATH=/opt/ros/humble /usr/bin/cmake --build /home/satyo03/TA/build/robotpadi -- -j4 -l4
[1.178s] WARNING:colcon.colcon_ros.task.ament_python.build:Package 'robotsatyo_pkg' doesn't explicitly install a marker in the package index (colcon-ros currently does it implicitly but that fallback will be removed in the future)
[1.179s] INFO:colcon.colcon_core.task.python.build:Building Python package in '/home/satyo03/TA/robotsatyo_pkg'
[1.179s] INFO:colcon.colcon_core.shell:Skip shell extension 'powershell' for command environment: Not usable outside of PowerShell
[1.180s] DEBUG:colcon.colcon_core.shell:Skip shell extension 'dsv' for command environment
[1.187s] DEBUG:colcon.colcon_core.event_handler.log_command:Invoked command in '/home/satyo03/TA/build/robotpadi' returned '0': CMAKE_PREFIX_PATH=/opt/ros/humble /usr/bin/cmake --build /home/satyo03/TA/build/robotpadi -- -j4 -l4
[1.204s] DEBUG:colcon.colcon_core.event_handler.log_command:Invoking command in '/home/satyo03/TA/build/robotpadi': CMAKE_PREFIX_PATH=/opt/ros/humble /usr/bin/cmake --install /home/satyo03/TA/build/robotpadi
[1.237s] Level 1:colcon.colcon_core.environment:create_environment_scripts_only(robotpadi)
[1.239s] DEBUG:colcon.colcon_core.event_handler.log_command:Invoked command in '/home/satyo03/TA/build/robotpadi' returned '0': CMAKE_PREFIX_PATH=/opt/ros/humble /usr/bin/cmake --install /home/satyo03/TA/build/robotpadi
[1.244s] Level 1:colcon.colcon_core.environment:checking '/home/satyo03/TA/install/robotpadi' for CMake module files
[1.245s] Level 1:colcon.colcon_core.environment:checking '/home/satyo03/TA/install/robotpadi' for CMake config files
[1.245s] Level 1:colcon.colcon_core.shell:create_environment_hook('robotpadi', 'cmake_prefix_path')
[1.246s] INFO:colcon.colcon_core.shell:Creating environment hook '/home/satyo03/TA/install/robotpadi/share/robotpadi/hook/cmake_prefix_path.ps1'
[1.247s] INFO:colcon.colcon_core.shell:Creating environment descriptor '/home/satyo03/TA/install/robotpadi/share/robotpadi/hook/cmake_prefix_path.dsv'
[1.248s] INFO:colcon.colcon_core.shell:Creating environment hook '/home/satyo03/TA/install/robotpadi/share/robotpadi/hook/cmake_prefix_path.sh'
[1.249s] Level 1:colcon.colcon_core.environment:checking '/home/satyo03/TA/install/robotpadi/bin'
[1.249s] Level 1:colcon.colcon_core.environment:checking '/home/satyo03/TA/install/robotpadi/lib/pkgconfig/robotpadi.pc'
[1.250s] Level 1:colcon.colcon_core.environment:checking '/home/satyo03/TA/install/robotpadi/lib/python3.10/site-packages'
[1.250s] Level 1:colcon.colcon_core.environment:checking '/home/satyo03/TA/install/robotpadi/bin'
[1.251s] INFO:colcon.colcon_core.shell:Creating package script '/home/satyo03/TA/install/robotpadi/share/robotpadi/package.ps1'
[1.253s] INFO:colcon.colcon_core.shell:Creating package descriptor '/home/satyo03/TA/install/robotpadi/share/robotpadi/package.dsv'
[1.255s] INFO:colcon.colcon_core.shell:Creating package script '/home/satyo03/TA/install/robotpadi/share/robotpadi/package.sh'
[1.257s] INFO:colcon.colcon_core.shell:Creating package script '/home/satyo03/TA/install/robotpadi/share/robotpadi/package.bash'
[1.260s] INFO:colcon.colcon_core.shell:Creating package script '/home/satyo03/TA/install/robotpadi/share/robotpadi/package.zsh'
[1.262s] Level 1:colcon.colcon_core.environment:create_file_with_runtime_dependencies(/home/satyo03/TA/install/robotpadi/share/colcon-core/packages/robotpadi)
[1.264s] Level 1:colcon.colcon_core.environment:create_environment_scripts_only(robotpadi)
[1.265s] Level 1:colcon.colcon_core.environment:checking '/home/satyo03/TA/install/robotpadi' for CMake module files
[1.266s] Level 1:colcon.colcon_core.environment:checking '/home/satyo03/TA/install/robotpadi' for CMake config files
[1.266s] Level 1:colcon.colcon_core.shell:create_environment_hook('robotpadi', 'cmake_prefix_path')
[1.267s] INFO:colcon.colcon_core.shell:Creating environment hook '/home/satyo03/TA/install/robotpadi/share/robotpadi/hook/cmake_prefix_path.ps1'
[1.268s] INFO:colcon.colcon_core.shell:Creating environment descriptor '/home/satyo03/TA/install/robotpadi/share/robotpadi/hook/cmake_prefix_path.dsv'
[1.268s] INFO:colcon.colcon_core.shell:Creating environment hook '/home/satyo03/TA/install/robotpadi/share/robotpadi/hook/cmake_prefix_path.sh'
[1.269s] Level 1:colcon.colcon_core.environment:checking '/home/satyo03/TA/install/robotpadi/bin'
[1.270s] Level 1:colcon.colcon_core.environment:checking '/home/satyo03/TA/install/robotpadi/lib/pkgconfig/robotpadi.pc'
[1.270s] Level 1:colcon.colcon_core.environment:checking '/home/satyo03/TA/install/robotpadi/lib/python3.10/site-packages'
[1.271s] Level 1:colcon.colcon_core.environment:checking '/home/satyo03/TA/install/robotpadi/bin'
[1.271s] INFO:colcon.colcon_core.shell:Creating package script '/home/satyo03/TA/install/robotpadi/share/robotpadi/package.ps1'
[1.272s] INFO:colcon.colcon_core.shell:Creating package descriptor '/home/satyo03/TA/install/robotpadi/share/robotpadi/package.dsv'
[1.273s] INFO:colcon.colcon_core.shell:Creating package script '/home/satyo03/TA/install/robotpadi/share/robotpadi/package.sh'
[1.274s] INFO:colcon.colcon_core.shell:Creating package script '/home/satyo03/TA/install/robotpadi/share/robotpadi/package.bash'
[1.275s] INFO:colcon.colcon_core.shell:Creating package script '/home/satyo03/TA/install/robotpadi/share/robotpadi/package.zsh'
[1.276s] Level 1:colcon.colcon_core.environment:create_file_with_runtime_dependencies(/home/satyo03/TA/install/robotpadi/share/colcon-core/packages/robotpadi)
[1.897s] DEBUG:colcon.colcon_core.event_handler.log_command:Invoking command in '/home/satyo03/TA/robotsatyo_pkg': PYTHONPATH=/home/satyo03/TA/build/robotsatyo_pkg/prefix_override:/usr/lib/python3/dist-packages/colcon_core/task/python/colcon_distutils_commands:/home/satyo03/TA/install/robotsatyo_pkg/lib/python3.10/site-packages:${PYTHONPATH} /usr/bin/python3 -W ignore:setup.py install is deprecated -W ignore:easy_install command is deprecated setup.py egg_info --egg-base ../build/robotsatyo_pkg build --build-base /home/satyo03/TA/build/robotsatyo_pkg/build install --record /home/satyo03/TA/build/robotsatyo_pkg/install.log --single-version-externally-managed install_data
[2.431s] Level 1:colcon.colcon_core.environment:checking '/home/satyo03/TA/install/robotsatyo_pkg' for CMake module files
[2.432s] DEBUG:colcon.colcon_core.event_handler.log_command:Invoked command in '/home/satyo03/TA/robotsatyo_pkg' returned '0': PYTHONPATH=/home/satyo03/TA/build/robotsatyo_pkg/prefix_override:/usr/lib/python3/dist-packages/colcon_core/task/python/colcon_distutils_commands:/home/satyo03/TA/install/robotsatyo_pkg/lib/python3.10/site-packages:${PYTHONPATH} /usr/bin/python3 -W ignore:setup.py install is deprecated -W ignore:easy_install command is deprecated setup.py egg_info --egg-base ../build/robotsatyo_pkg build --build-base /home/satyo03/TA/build/robotsatyo_pkg/build install --record /home/satyo03/TA/build/robotsatyo_pkg/install.log --single-version-externally-managed install_data
[2.432s] Level 1:colcon.colcon_core.environment:checking '/home/satyo03/TA/install/robotsatyo_pkg' for CMake config files
[2.433s] Level 1:colcon.colcon_core.environment:checking '/home/satyo03/TA/install/robotsatyo_pkg/lib'
[2.434s] Level 1:colcon.colcon_core.environment:checking '/home/satyo03/TA/install/robotsatyo_pkg/bin'
[2.434s] Level 1:colcon.colcon_core.environment:checking '/home/satyo03/TA/install/robotsatyo_pkg/lib/pkgconfig/robotsatyo_pkg.pc'
[2.434s] Level 1:colcon.colcon_core.environment:checking '/home/satyo03/TA/install/robotsatyo_pkg/lib/python3.10/site-packages'
[2.434s] Level 1:colcon.colcon_core.shell:create_environment_hook('robotsatyo_pkg', 'pythonpath')
[2.435s] INFO:colcon.colcon_core.shell:Creating environment hook '/home/satyo03/TA/install/robotsatyo_pkg/share/robotsatyo_pkg/hook/pythonpath.ps1'
[2.435s] INFO:colcon.colcon_core.shell:Creating environment descriptor '/home/satyo03/TA/install/robotsatyo_pkg/share/robotsatyo_pkg/hook/pythonpath.dsv'
[2.436s] INFO:colcon.colcon_core.shell:Creating environment hook '/home/satyo03/TA/install/robotsatyo_pkg/share/robotsatyo_pkg/hook/pythonpath.sh'
[2.437s] Level 1:colcon.colcon_core.environment:checking '/home/satyo03/TA/install/robotsatyo_pkg/bin'
[2.437s] Level 1:colcon.colcon_core.environment:create_environment_scripts_only(robotsatyo_pkg)
[2.437s] INFO:colcon.colcon_core.shell:Creating package script '/home/satyo03/TA/install/robotsatyo_pkg/share/robotsatyo_pkg/package.ps1'
[2.438s] INFO:colcon.colcon_core.shell:Creating package descriptor '/home/satyo03/TA/install/robotsatyo_pkg/share/robotsatyo_pkg/package.dsv'
[2.439s] INFO:colcon.colcon_core.shell:Creating package script '/home/satyo03/TA/install/robotsatyo_pkg/share/robotsatyo_pkg/package.sh'
[2.440s] INFO:colcon.colcon_core.shell:Creating package script '/home/satyo03/TA/install/robotsatyo_pkg/share/robotsatyo_pkg/package.bash'
[2.440s] INFO:colcon.colcon_core.shell:Creating package script '/home/satyo03/TA/install/robotsatyo_pkg/share/robotsatyo_pkg/package.zsh'
[2.441s] Level 1:colcon.colcon_core.environment:create_file_with_runtime_dependencies(/home/satyo03/TA/install/robotsatyo_pkg/share/colcon-core/packages/robotsatyo_pkg)
[2.441s] DEBUG:colcon.colcon_parallel_executor.executor.parallel:closing loop
[2.442s] DEBUG:colcon.colcon_parallel_executor.executor.parallel:loop closed
[2.442s] DEBUG:colcon.colcon_parallel_executor.executor.parallel:run_until_complete finished with '0'
[2.442s] DEBUG:colcon.colcon_core.event_reactor:joining thread
[2.462s] INFO:colcon.colcon_core.plugin_system:Skipping extension 'colcon_notification.desktop_notification.terminal_notifier': Not used on non-Darwin systems
[2.462s] INFO:colcon.colcon_core.plugin_system:Skipping extension 'colcon_notification.desktop_notification.win32': Not used on non-Windows systems
[2.462s] INFO:colcon.colcon_notification.desktop_notification:Sending desktop notification using 'notify2'
[2.513s] DEBUG:colcon.colcon_core.event_reactor:joined thread
[2.514s] INFO:colcon.colcon_core.shell:Creating prefix script '/home/satyo03/TA/install/local_setup.ps1'
[2.517s] INFO:colcon.colcon_core.shell:Creating prefix util module '/home/satyo03/TA/install/_local_setup_util_ps1.py'
[2.526s] INFO:colcon.colcon_core.shell:Creating prefix chain script '/home/satyo03/TA/install/setup.ps1'
[2.530s] INFO:colcon.colcon_core.shell:Creating prefix script '/home/satyo03/TA/install/local_setup.sh'
[2.533s] INFO:colcon.colcon_core.shell:Creating prefix util module '/home/satyo03/TA/install/_local_setup_util_sh.py'
[2.535s] INFO:colcon.colcon_core.shell:Creating prefix chain script '/home/satyo03/TA/install/setup.sh'
[2.538s] INFO:colcon.colcon_core.shell:Creating prefix script '/home/satyo03/TA/install/local_setup.bash'
[2.541s] INFO:colcon.colcon_core.shell:Creating prefix chain script '/home/satyo03/TA/install/setup.bash'
[2.544s] INFO:colcon.colcon_core.shell:Creating prefix script '/home/satyo03/TA/install/local_setup.zsh'
[2.547s] INFO:colcon.colcon_core.shell:Creating prefix chain script '/home/satyo03/TA/install/setup.zsh'
