[1.732s] Invoking command in '/home/satyo03/TA/robotsatyo_pkg': PYTHONPATH=/home/satyo03/TA/build/robotsatyo_pkg/prefix_override:/usr/lib/python3/dist-packages/colcon_core/task/python/colcon_distutils_commands:/home/satyo03/TA/install/robotsatyo_pkg/lib/python3.10/site-packages:${PYTHONPATH} /usr/bin/python3 -W ignore:setup.py install is deprecated -W ignore:easy_install command is deprecated setup.py egg_info --egg-base ../build/robotsatyo_pkg build --build-base /home/satyo03/TA/build/robotsatyo_pkg/build install --record /home/satyo03/TA/build/robotsatyo_pkg/install.log --single-version-externally-managed install_data
[2.331s] running egg_info
[2.333s] writing ../build/robotsatyo_pkg/robotsatyo_pkg.egg-info/PKG-INFO
[2.334s] writing dependency_links to ../build/robotsatyo_pkg/robotsatyo_pkg.egg-info/dependency_links.txt
[2.334s] writing entry points to ../build/robotsatyo_pkg/robotsatyo_pkg.egg-info/entry_points.txt
[2.334s] writing requirements to ../build/robotsatyo_pkg/robotsatyo_pkg.egg-info/requires.txt
[2.334s] writing top-level names to ../build/robotsatyo_pkg/robotsatyo_pkg.egg-info/top_level.txt
[2.338s] reading manifest file '../build/robotsatyo_pkg/robotsatyo_pkg.egg-info/SOURCES.txt'
[2.341s] writing manifest file '../build/robotsatyo_pkg/robotsatyo_pkg.egg-info/SOURCES.txt'
[2.341s] running build
[2.341s] running build_py
[2.342s] running install
[2.343s] running install_lib
[2.345s] running install_data
[2.345s] running install_egg_info
[2.353s] removing '/home/satyo03/TA/install/robotsatyo_pkg/lib/python3.10/site-packages/robotsatyo_pkg-0.0.0-py3.10.egg-info' (and everything under it)
[2.353s] Copying ../build/robotsatyo_pkg/robotsatyo_pkg.egg-info to /home/satyo03/TA/install/robotsatyo_pkg/lib/python3.10/site-packages/robotsatyo_pkg-0.0.0-py3.10.egg-info
[2.353s] running install_scripts
[2.402s] writing list of installed files to '/home/satyo03/TA/build/robotsatyo_pkg/install.log'
[2.471s] Invoked command in '/home/satyo03/TA/robotsatyo_pkg' returned '0': PYTHONPATH=/home/satyo03/TA/build/robotsatyo_pkg/prefix_override:/usr/lib/python3/dist-packages/colcon_core/task/python/colcon_distutils_commands:/home/satyo03/TA/install/robotsatyo_pkg/lib/python3.10/site-packages:${PYTHONPATH} /usr/bin/python3 -W ignore:setup.py install is deprecated -W ignore:easy_install command is deprecated setup.py egg_info --egg-base ../build/robotsatyo_pkg build --build-base /home/satyo03/TA/build/robotsatyo_pkg/build install --record /home/satyo03/TA/build/robotsatyo_pkg/install.log --single-version-externally-managed install_data
