[0.282s] DEBUG:colcon:Command line arguments: ['/usr/bin/colcon', 'build']
[0.283s] DEBUG:colcon:Parsed command line arguments: Namespace(log_base=None, log_level=None, verb_name='build', build_base='build', install_base='install', merge_install=False, symlink_install=False, test_result_base=None, continue_on_error=False, executor='parallel', parallel_workers=4, event_handlers=None, ignore_user_meta=False, metas=['./colcon.meta'], base_paths=['.'], packages_ignore=None, packages_ignore_regex=None, paths=None, packages_up_to=None, packages_up_to_regex=None, packages_above=None, packages_above_and_dependencies=None, packages_above_depth=None, packages_select_by_dep=None, packages_skip_by_dep=None, packages_skip_up_to=None, packages_select_build_failed=False, packages_skip_build_finished=False, packages_select_test_failures=False, packages_skip_test_passed=False, packages_select=None, packages_skip=None, packages_select_regex=None, packages_skip_regex=None, packages_start=None, packages_end=None, allow_overriding=[], cmake_args=None, cmake_target=None, cmake_target_skip_unavailable=False, cmake_clean_cache=False, cmake_clean_first=False, cmake_force_configure=False, ament_cmake_args=None, catkin_cmake_args=None, catkin_skip_building_tests=False, verb_parser=<colcon_defaults.argument_parser.defaults.DefaultArgumentsDecorator object at 0x7cbd09d648b0>, verb_extension=<colcon_core.verb.build.BuildVerb object at 0x7cbd09e65d50>, main=<bound method BuildVerb.main of <colcon_core.verb.build.BuildVerb object at 0x7cbd09e65d50>>)
[0.736s] Level 1:colcon.colcon_core.package_discovery:discover_packages(colcon_meta) check parameters
[0.736s] Level 1:colcon.colcon_core.package_discovery:discover_packages(recursive) check parameters
[0.736s] Level 1:colcon.colcon_core.package_discovery:discover_packages(ignore) check parameters
[0.736s] Level 1:colcon.colcon_core.package_discovery:discover_packages(path) check parameters
[0.736s] Level 1:colcon.colcon_core.package_discovery:discover_packages(colcon_meta) discover
[0.737s] Level 1:colcon.colcon_core.package_discovery:discover_packages(recursive) discover
[0.737s] INFO:colcon.colcon_core.package_discovery:Crawling recursively for packages in '/home/satyo03/TA'
[0.737s] Level 1:colcon.colcon_core.package_identification:_identify(.) by extensions ['ignore', 'ignore_ament_install']
[0.737s] Level 1:colcon.colcon_core.package_identification:_identify(.) by extension 'ignore'
[0.737s] Level 1:colcon.colcon_core.package_identification:_identify(.) by extension 'ignore_ament_install'
[0.737s] Level 1:colcon.colcon_core.package_identification:_identify(.) by extensions ['colcon_pkg']
[0.737s] Level 1:colcon.colcon_core.package_identification:_identify(.) by extension 'colcon_pkg'
[0.738s] Level 1:colcon.colcon_core.package_identification:_identify(.) by extensions ['colcon_meta']
[0.738s] Level 1:colcon.colcon_core.package_identification:_identify(.) by extension 'colcon_meta'
[0.738s] Level 1:colcon.colcon_core.package_identification:_identify(.) by extensions ['ros']
[0.738s] Level 1:colcon.colcon_core.package_identification:_identify(.) by extension 'ros'
[0.773s] Level 1:colcon.colcon_core.package_identification:_identify(.) by extensions ['cmake', 'python']
[0.773s] Level 1:colcon.colcon_core.package_identification:_identify(.) by extension 'cmake'
[0.773s] Level 1:colcon.colcon_core.package_identification:_identify(.) by extension 'python'
[0.774s] Level 1:colcon.colcon_core.package_identification:_identify(.) by extensions ['python_setup_py']
[0.774s] Level 1:colcon.colcon_core.package_identification:_identify(.) by extension 'python_setup_py'
[0.774s] Level 1:colcon.colcon_core.package_identification:_identify(build) by extensions ['ignore', 'ignore_ament_install']
[0.774s] Level 1:colcon.colcon_core.package_identification:_identify(build) by extension 'ignore'
[0.774s] Level 1:colcon.colcon_core.package_identification:_identify(build) ignored
[0.775s] Level 1:colcon.colcon_core.package_identification:_identify(install) by extensions ['ignore', 'ignore_ament_install']
[0.775s] Level 1:colcon.colcon_core.package_identification:_identify(install) by extension 'ignore'
[0.775s] Level 1:colcon.colcon_core.package_identification:_identify(install) ignored
[0.775s] Level 1:colcon.colcon_core.package_identification:_identify(log) by extensions ['ignore', 'ignore_ament_install']
[0.775s] Level 1:colcon.colcon_core.package_identification:_identify(log) by extension 'ignore'
[0.775s] Level 1:colcon.colcon_core.package_identification:_identify(log) ignored
[0.776s] Level 1:colcon.colcon_core.package_identification:_identify(robotpadi) by extensions ['ignore', 'ignore_ament_install']
[0.776s] Level 1:colcon.colcon_core.package_identification:_identify(robotpadi) by extension 'ignore'
[0.776s] Level 1:colcon.colcon_core.package_identification:_identify(robotpadi) by extension 'ignore_ament_install'
[0.776s] Level 1:colcon.colcon_core.package_identification:_identify(robotpadi) by extensions ['colcon_pkg']
[0.776s] Level 1:colcon.colcon_core.package_identification:_identify(robotpadi) by extension 'colcon_pkg'
[0.776s] Level 1:colcon.colcon_core.package_identification:_identify(robotpadi) by extensions ['colcon_meta']
[0.776s] Level 1:colcon.colcon_core.package_identification:_identify(robotpadi) by extension 'colcon_meta'
[0.776s] Level 1:colcon.colcon_core.package_identification:_identify(robotpadi) by extensions ['ros']
[0.776s] Level 1:colcon.colcon_core.package_identification:_identify(robotpadi) by extension 'ros'
[0.782s] DEBUG:colcon.colcon_core.package_identification:Package 'robotpadi' with type 'ros.ament_cmake' and name 'robotpadi'
[0.782s] Level 1:colcon.colcon_core.package_identification:_identify(robotsatyo_pkg) by extensions ['ignore', 'ignore_ament_install']
[0.783s] Level 1:colcon.colcon_core.package_identification:_identify(robotsatyo_pkg) by extension 'ignore'
[0.783s] Level 1:colcon.colcon_core.package_identification:_identify(robotsatyo_pkg) by extension 'ignore_ament_install'
[0.783s] Level 1:colcon.colcon_core.package_identification:_identify(robotsatyo_pkg) by extensions ['colcon_pkg']
[0.783s] Level 1:colcon.colcon_core.package_identification:_identify(robotsatyo_pkg) by extension 'colcon_pkg'
[0.783s] Level 1:colcon.colcon_core.package_identification:_identify(robotsatyo_pkg) by extensions ['colcon_meta']
[0.783s] Level 1:colcon.colcon_core.package_identification:_identify(robotsatyo_pkg) by extension 'colcon_meta'
[0.784s] Level 1:colcon.colcon_core.package_identification:_identify(robotsatyo_pkg) by extensions ['ros']
[0.784s] Level 1:colcon.colcon_core.package_identification:_identify(robotsatyo_pkg) by extension 'ros'
[0.785s] DEBUG:colcon.colcon_core.package_identification:Package 'robotsatyo_pkg' with type 'ros.ament_python' and name 'robotsatyo_pkg'
[0.785s] Level 1:colcon.colcon_core.package_discovery:discover_packages(recursive) using defaults
[0.786s] Level 1:colcon.colcon_core.package_discovery:discover_packages(ignore) discover
[0.786s] Level 1:colcon.colcon_core.package_discovery:discover_packages(ignore) using defaults
[0.786s] Level 1:colcon.colcon_core.package_discovery:discover_packages(path) discover
[0.786s] Level 1:colcon.colcon_core.package_discovery:discover_packages(path) using defaults
[0.863s] Level 1:colcon.colcon_core.package_discovery:discover_packages(prefix_path) check parameters
[0.863s] Level 1:colcon.colcon_core.package_discovery:discover_packages(prefix_path) discover
[0.871s] DEBUG:colcon.colcon_installed_package_information.package_discovery:Found 336 installed packages in /opt/ros/humble
[0.877s] Level 1:colcon.colcon_core.package_discovery:discover_packages(prefix_path) using defaults
[1.000s] Level 5:colcon.colcon_core.verb:set package 'robotpadi' build argument 'cmake_args' from command line to 'None'
[1.001s] Level 5:colcon.colcon_core.verb:set package 'robotpadi' build argument 'cmake_target' from command line to 'None'
[1.001s] Level 5:colcon.colcon_core.verb:set package 'robotpadi' build argument 'cmake_target_skip_unavailable' from command line to 'False'
[1.001s] Level 5:colcon.colcon_core.verb:set package 'robotpadi' build argument 'cmake_clean_cache' from command line to 'False'
[1.001s] Level 5:colcon.colcon_core.verb:set package 'robotpadi' build argument 'cmake_clean_first' from command line to 'False'
[1.001s] Level 5:colcon.colcon_core.verb:set package 'robotpadi' build argument 'cmake_force_configure' from command line to 'False'
[1.001s] Level 5:colcon.colcon_core.verb:set package 'robotpadi' build argument 'ament_cmake_args' from command line to 'None'
[1.001s] Level 5:colcon.colcon_core.verb:set package 'robotpadi' build argument 'catkin_cmake_args' from command line to 'None'
[1.001s] Level 5:colcon.colcon_core.verb:set package 'robotpadi' build argument 'catkin_skip_building_tests' from command line to 'False'
[1.001s] DEBUG:colcon.colcon_core.verb:Building package 'robotpadi' with the following arguments: {'ament_cmake_args': None, 'build_base': '/home/satyo03/TA/build/robotpadi', 'catkin_cmake_args': None, 'catkin_skip_building_tests': False, 'cmake_args': None, 'cmake_clean_cache': False, 'cmake_clean_first': False, 'cmake_force_configure': False, 'cmake_target': None, 'cmake_target_skip_unavailable': False, 'install_base': '/home/satyo03/TA/install/robotpadi', 'merge_install': False, 'path': '/home/satyo03/TA/robotpadi', 'symlink_install': False, 'test_result_base': None}
[1.002s] Level 5:colcon.colcon_core.verb:set package 'robotsatyo_pkg' build argument 'cmake_args' from command line to 'None'
[1.002s] Level 5:colcon.colcon_core.verb:set package 'robotsatyo_pkg' build argument 'cmake_target' from command line to 'None'
[1.002s] Level 5:colcon.colcon_core.verb:set package 'robotsatyo_pkg' build argument 'cmake_target_skip_unavailable' from command line to 'False'
[1.002s] Level 5:colcon.colcon_core.verb:set package 'robotsatyo_pkg' build argument 'cmake_clean_cache' from command line to 'False'
[1.002s] Level 5:colcon.colcon_core.verb:set package 'robotsatyo_pkg' build argument 'cmake_clean_first' from command line to 'False'
[1.003s] Level 5:colcon.colcon_core.verb:set package 'robotsatyo_pkg' build argument 'cmake_force_configure' from command line to 'False'
[1.003s] Level 5:colcon.colcon_core.verb:set package 'robotsatyo_pkg' build argument 'ament_cmake_args' from command line to 'None'
[1.003s] Level 5:colcon.colcon_core.verb:set package 'robotsatyo_pkg' build argument 'catkin_cmake_args' from command line to 'None'
[1.003s] Level 5:colcon.colcon_core.verb:set package 'robotsatyo_pkg' build argument 'catkin_skip_building_tests' from command line to 'False'
[1.003s] DEBUG:colcon.colcon_core.verb:Building package 'robotsatyo_pkg' with the following arguments: {'ament_cmake_args': None, 'build_base': '/home/satyo03/TA/build/robotsatyo_pkg', 'catkin_cmake_args': None, 'catkin_skip_building_tests': False, 'cmake_args': None, 'cmake_clean_cache': False, 'cmake_clean_first': False, 'cmake_force_configure': False, 'cmake_target': None, 'cmake_target_skip_unavailable': False, 'install_base': '/home/satyo03/TA/install/robotsatyo_pkg', 'merge_install': False, 'path': '/home/satyo03/TA/robotsatyo_pkg', 'symlink_install': False, 'test_result_base': None}
[1.003s] INFO:colcon.colcon_core.executor:Executing jobs using 'parallel' executor
[1.006s] DEBUG:colcon.colcon_parallel_executor.executor.parallel:run_until_complete
[1.006s] INFO:colcon.colcon_ros.task.ament_cmake.build:Building ROS package in '/home/satyo03/TA/robotpadi' with build type 'ament_cmake'
[1.007s] INFO:colcon.colcon_cmake.task.cmake.build:Building CMake package in '/home/satyo03/TA/robotpadi'
[1.011s] INFO:colcon.colcon_core.plugin_system:Skipping extension 'colcon_core.shell.bat': Not used on non-Windows systems
[1.011s] INFO:colcon.colcon_core.shell:Skip shell extension 'powershell' for command environment: Not usable outside of PowerShell
[1.012s] DEBUG:colcon.colcon_core.shell:Skip shell extension 'dsv' for command environment
[1.019s] INFO:colcon.colcon_ros.task.ament_python.build:Building ROS package in '/home/satyo03/TA/robotsatyo_pkg' with build type 'ament_python'
[1.020s] Level 1:colcon.colcon_core.shell:create_environment_hook('robotsatyo_pkg', 'ament_prefix_path')
[1.020s] INFO:colcon.colcon_core.shell:Creating environment hook '/home/satyo03/TA/install/robotsatyo_pkg/share/robotsatyo_pkg/hook/ament_prefix_path.ps1'
[1.022s] INFO:colcon.colcon_core.shell:Creating environment descriptor '/home/satyo03/TA/install/robotsatyo_pkg/share/robotsatyo_pkg/hook/ament_prefix_path.dsv'
[1.023s] INFO:colcon.colcon_core.shell:Creating environment hook '/home/satyo03/TA/install/robotsatyo_pkg/share/robotsatyo_pkg/hook/ament_prefix_path.sh'
[1.025s] INFO:colcon.colcon_core.shell:Skip shell extension 'powershell' for command environment: Not usable outside of PowerShell
[1.026s] DEBUG:colcon.colcon_core.shell:Skip shell extension 'dsv' for command environment
[1.047s] DEBUG:colcon.colcon_core.event_handler.log_command:Invoking command in '/home/satyo03/TA/build/robotpadi': CMAKE_PREFIX_PATH=/opt/ros/humble /usr/bin/cmake --build /home/satyo03/TA/build/robotpadi -- -j4 -l4
[1.774s] WARNING:colcon.colcon_ros.task.ament_python.build:Package 'robotsatyo_pkg' doesn't explicitly install a marker in the package index (colcon-ros currently does it implicitly but that fallback will be removed in the future)
[1.774s] INFO:colcon.colcon_core.task.python.build:Building Python package in '/home/satyo03/TA/robotsatyo_pkg'
[1.775s] INFO:colcon.colcon_core.shell:Skip shell extension 'powershell' for command environment: Not usable outside of PowerShell
[1.775s] DEBUG:colcon.colcon_core.shell:Skip shell extension 'dsv' for command environment
[1.791s] DEBUG:colcon.colcon_core.event_handler.log_command:Invoked command in '/home/satyo03/TA/build/robotpadi' returned '0': CMAKE_PREFIX_PATH=/opt/ros/humble /usr/bin/cmake --build /home/satyo03/TA/build/robotpadi -- -j4 -l4
[1.813s] DEBUG:colcon.colcon_core.event_handler.log_command:Invoking command in '/home/satyo03/TA/build/robotpadi': CMAKE_PREFIX_PATH=/opt/ros/humble /usr/bin/cmake --install /home/satyo03/TA/build/robotpadi
[1.850s] Level 1:colcon.colcon_core.environment:create_environment_scripts_only(robotpadi)
[1.861s] Level 1:colcon.colcon_core.environment:checking '/home/satyo03/TA/install/robotpadi' for CMake module files
[1.864s] Level 1:colcon.colcon_core.environment:checking '/home/satyo03/TA/install/robotpadi' for CMake config files
[1.865s] Level 1:colcon.colcon_core.shell:create_environment_hook('robotpadi', 'cmake_prefix_path')
[1.865s] INFO:colcon.colcon_core.shell:Creating environment hook '/home/satyo03/TA/install/robotpadi/share/robotpadi/hook/cmake_prefix_path.ps1'
[1.868s] DEBUG:colcon.colcon_core.event_handler.log_command:Invoked command in '/home/satyo03/TA/build/robotpadi' returned '0': CMAKE_PREFIX_PATH=/opt/ros/humble /usr/bin/cmake --install /home/satyo03/TA/build/robotpadi
[1.869s] INFO:colcon.colcon_core.shell:Creating environment descriptor '/home/satyo03/TA/install/robotpadi/share/robotpadi/hook/cmake_prefix_path.dsv'
[1.871s] INFO:colcon.colcon_core.shell:Creating environment hook '/home/satyo03/TA/install/robotpadi/share/robotpadi/hook/cmake_prefix_path.sh'
[1.872s] Level 1:colcon.colcon_core.environment:checking '/home/satyo03/TA/install/robotpadi/bin'
[1.872s] Level 1:colcon.colcon_core.environment:checking '/home/satyo03/TA/install/robotpadi/lib/pkgconfig/robotpadi.pc'
[1.873s] Level 1:colcon.colcon_core.environment:checking '/home/satyo03/TA/install/robotpadi/lib/python3.10/site-packages'
[1.873s] Level 1:colcon.colcon_core.environment:checking '/home/satyo03/TA/install/robotpadi/bin'
[1.874s] INFO:colcon.colcon_core.shell:Creating package script '/home/satyo03/TA/install/robotpadi/share/robotpadi/package.ps1'
[1.877s] INFO:colcon.colcon_core.shell:Creating package descriptor '/home/satyo03/TA/install/robotpadi/share/robotpadi/package.dsv'
[1.879s] INFO:colcon.colcon_core.shell:Creating package script '/home/satyo03/TA/install/robotpadi/share/robotpadi/package.sh'
[1.881s] INFO:colcon.colcon_core.shell:Creating package script '/home/satyo03/TA/install/robotpadi/share/robotpadi/package.bash'
[1.883s] INFO:colcon.colcon_core.shell:Creating package script '/home/satyo03/TA/install/robotpadi/share/robotpadi/package.zsh'
[1.885s] Level 1:colcon.colcon_core.environment:create_file_with_runtime_dependencies(/home/satyo03/TA/install/robotpadi/share/colcon-core/packages/robotpadi)
[1.887s] Level 1:colcon.colcon_core.environment:create_environment_scripts_only(robotpadi)
[1.887s] Level 1:colcon.colcon_core.environment:checking '/home/satyo03/TA/install/robotpadi' for CMake module files
[1.889s] Level 1:colcon.colcon_core.environment:checking '/home/satyo03/TA/install/robotpadi' for CMake config files
[1.889s] Level 1:colcon.colcon_core.shell:create_environment_hook('robotpadi', 'cmake_prefix_path')
[1.890s] INFO:colcon.colcon_core.shell:Creating environment hook '/home/satyo03/TA/install/robotpadi/share/robotpadi/hook/cmake_prefix_path.ps1'
[1.891s] INFO:colcon.colcon_core.shell:Creating environment descriptor '/home/satyo03/TA/install/robotpadi/share/robotpadi/hook/cmake_prefix_path.dsv'
[1.892s] INFO:colcon.colcon_core.shell:Creating environment hook '/home/satyo03/TA/install/robotpadi/share/robotpadi/hook/cmake_prefix_path.sh'
[1.894s] Level 1:colcon.colcon_core.environment:checking '/home/satyo03/TA/install/robotpadi/bin'
[1.894s] Level 1:colcon.colcon_core.environment:checking '/home/satyo03/TA/install/robotpadi/lib/pkgconfig/robotpadi.pc'
[1.895s] Level 1:colcon.colcon_core.environment:checking '/home/satyo03/TA/install/robotpadi/lib/python3.10/site-packages'
[1.895s] Level 1:colcon.colcon_core.environment:checking '/home/satyo03/TA/install/robotpadi/bin'
[1.896s] INFO:colcon.colcon_core.shell:Creating package script '/home/satyo03/TA/install/robotpadi/share/robotpadi/package.ps1'
[1.898s] INFO:colcon.colcon_core.shell:Creating package descriptor '/home/satyo03/TA/install/robotpadi/share/robotpadi/package.dsv'
[1.899s] INFO:colcon.colcon_core.shell:Creating package script '/home/satyo03/TA/install/robotpadi/share/robotpadi/package.sh'
[1.901s] INFO:colcon.colcon_core.shell:Creating package script '/home/satyo03/TA/install/robotpadi/share/robotpadi/package.bash'
[1.902s] INFO:colcon.colcon_core.shell:Creating package script '/home/satyo03/TA/install/robotpadi/share/robotpadi/package.zsh'
[1.904s] Level 1:colcon.colcon_core.environment:create_file_with_runtime_dependencies(/home/satyo03/TA/install/robotpadi/share/colcon-core/packages/robotpadi)
[2.752s] DEBUG:colcon.colcon_core.event_handler.log_command:Invoking command in '/home/satyo03/TA/robotsatyo_pkg': PYTHONPATH=/home/satyo03/TA/build/robotsatyo_pkg/prefix_override:/usr/lib/python3/dist-packages/colcon_core/task/python/colcon_distutils_commands:/home/satyo03/TA/install/robotsatyo_pkg/lib/python3.10/site-packages:${PYTHONPATH} /usr/bin/python3 -W ignore:setup.py install is deprecated -W ignore:easy_install command is deprecated setup.py egg_info --egg-base ../build/robotsatyo_pkg build --build-base /home/satyo03/TA/build/robotsatyo_pkg/build install --record /home/satyo03/TA/build/robotsatyo_pkg/install.log --single-version-externally-managed install_data
[3.488s] Level 1:colcon.colcon_core.environment:checking '/home/satyo03/TA/install/robotsatyo_pkg' for CMake module files
[3.490s] Level 1:colcon.colcon_core.environment:checking '/home/satyo03/TA/install/robotsatyo_pkg' for CMake config files
[3.492s] Level 1:colcon.colcon_core.environment:checking '/home/satyo03/TA/install/robotsatyo_pkg/lib'
[3.493s] DEBUG:colcon.colcon_core.event_handler.log_command:Invoked command in '/home/satyo03/TA/robotsatyo_pkg' returned '0': PYTHONPATH=/home/satyo03/TA/build/robotsatyo_pkg/prefix_override:/usr/lib/python3/dist-packages/colcon_core/task/python/colcon_distutils_commands:/home/satyo03/TA/install/robotsatyo_pkg/lib/python3.10/site-packages:${PYTHONPATH} /usr/bin/python3 -W ignore:setup.py install is deprecated -W ignore:easy_install command is deprecated setup.py egg_info --egg-base ../build/robotsatyo_pkg build --build-base /home/satyo03/TA/build/robotsatyo_pkg/build install --record /home/satyo03/TA/build/robotsatyo_pkg/install.log --single-version-externally-managed install_data
[3.494s] Level 1:colcon.colcon_core.environment:checking '/home/satyo03/TA/install/robotsatyo_pkg/bin'
[3.494s] Level 1:colcon.colcon_core.environment:checking '/home/satyo03/TA/install/robotsatyo_pkg/lib/pkgconfig/robotsatyo_pkg.pc'
[3.494s] Level 1:colcon.colcon_core.environment:checking '/home/satyo03/TA/install/robotsatyo_pkg/lib/python3.10/site-packages'
[3.495s] Level 1:colcon.colcon_core.shell:create_environment_hook('robotsatyo_pkg', 'pythonpath')
[3.495s] INFO:colcon.colcon_core.shell:Creating environment hook '/home/satyo03/TA/install/robotsatyo_pkg/share/robotsatyo_pkg/hook/pythonpath.ps1'
[3.496s] INFO:colcon.colcon_core.shell:Creating environment descriptor '/home/satyo03/TA/install/robotsatyo_pkg/share/robotsatyo_pkg/hook/pythonpath.dsv'
[3.497s] INFO:colcon.colcon_core.shell:Creating environment hook '/home/satyo03/TA/install/robotsatyo_pkg/share/robotsatyo_pkg/hook/pythonpath.sh'
[3.499s] Level 1:colcon.colcon_core.environment:checking '/home/satyo03/TA/install/robotsatyo_pkg/bin'
[3.499s] Level 1:colcon.colcon_core.environment:create_environment_scripts_only(robotsatyo_pkg)
[3.500s] INFO:colcon.colcon_core.shell:Creating package script '/home/satyo03/TA/install/robotsatyo_pkg/share/robotsatyo_pkg/package.ps1'
[3.501s] INFO:colcon.colcon_core.shell:Creating package descriptor '/home/satyo03/TA/install/robotsatyo_pkg/share/robotsatyo_pkg/package.dsv'
[3.503s] INFO:colcon.colcon_core.shell:Creating package script '/home/satyo03/TA/install/robotsatyo_pkg/share/robotsatyo_pkg/package.sh'
[3.504s] INFO:colcon.colcon_core.shell:Creating package script '/home/satyo03/TA/install/robotsatyo_pkg/share/robotsatyo_pkg/package.bash'
[3.506s] INFO:colcon.colcon_core.shell:Creating package script '/home/satyo03/TA/install/robotsatyo_pkg/share/robotsatyo_pkg/package.zsh'
[3.507s] Level 1:colcon.colcon_core.environment:create_file_with_runtime_dependencies(/home/satyo03/TA/install/robotsatyo_pkg/share/colcon-core/packages/robotsatyo_pkg)
[3.507s] DEBUG:colcon.colcon_parallel_executor.executor.parallel:closing loop
[3.507s] DEBUG:colcon.colcon_parallel_executor.executor.parallel:loop closed
[3.508s] DEBUG:colcon.colcon_parallel_executor.executor.parallel:run_until_complete finished with '0'
[3.508s] DEBUG:colcon.colcon_core.event_reactor:joining thread
[3.521s] INFO:colcon.colcon_core.plugin_system:Skipping extension 'colcon_notification.desktop_notification.terminal_notifier': Not used on non-Darwin systems
[3.522s] INFO:colcon.colcon_core.plugin_system:Skipping extension 'colcon_notification.desktop_notification.win32': Not used on non-Windows systems
[3.522s] INFO:colcon.colcon_notification.desktop_notification:Sending desktop notification using 'notify2'
[3.553s] DEBUG:colcon.colcon_core.event_reactor:joined thread
[3.554s] INFO:colcon.colcon_core.shell:Creating prefix script '/home/satyo03/TA/install/local_setup.ps1'
[3.557s] INFO:colcon.colcon_core.shell:Creating prefix util module '/home/satyo03/TA/install/_local_setup_util_ps1.py'
[3.562s] INFO:colcon.colcon_core.shell:Creating prefix chain script '/home/satyo03/TA/install/setup.ps1'
[3.570s] INFO:colcon.colcon_core.shell:Creating prefix script '/home/satyo03/TA/install/local_setup.sh'
[3.571s] INFO:colcon.colcon_core.shell:Creating prefix util module '/home/satyo03/TA/install/_local_setup_util_sh.py'
[3.579s] INFO:colcon.colcon_core.shell:Creating prefix chain script '/home/satyo03/TA/install/setup.sh'
[3.585s] INFO:colcon.colcon_core.shell:Creating prefix script '/home/satyo03/TA/install/local_setup.bash'
[3.588s] INFO:colcon.colcon_core.shell:Creating prefix chain script '/home/satyo03/TA/install/setup.bash'
[3.591s] INFO:colcon.colcon_core.shell:Creating prefix script '/home/satyo03/TA/install/local_setup.zsh'
[3.593s] INFO:colcon.colcon_core.shell:Creating prefix chain script '/home/satyo03/TA/install/setup.zsh'
