running egg_info
creating ../build/robotsatyo_pkg/robotsatyo_pkg.egg-info
writing ../build/robotsatyo_pkg/robotsatyo_pkg.egg-info/PKG-INFO
writing dependency_links to ../build/robotsatyo_pkg/robotsatyo_pkg.egg-info/dependency_links.txt
writing entry points to ../build/robotsatyo_pkg/robotsatyo_pkg.egg-info/entry_points.txt
writing requirements to ../build/robotsatyo_pkg/robotsatyo_pkg.egg-info/requires.txt
writing top-level names to ../build/robotsatyo_pkg/robotsatyo_pkg.egg-info/top_level.txt
writing manifest file '../build/robotsatyo_pkg/robotsatyo_pkg.egg-info/SOURCES.txt'
reading manifest file '../build/robotsatyo_pkg/robotsatyo_pkg.egg-info/SOURCES.txt'
writing manifest file '../build/robotsatyo_pkg/robotsatyo_pkg.egg-info/SOURCES.txt'
running build
running build_py
creating /home/satyo03/TA/build/robotsatyo_pkg/build
creating /home/satyo03/TA/build/robotsatyo_pkg/build/lib
creating /home/satyo03/TA/build/robotsatyo_pkg/build/lib/robotsatyo_pkg
copying robotsatyo_pkg/__init__.py -> /home/satyo03/TA/build/robotsatyo_pkg/build/lib/robotsatyo_pkg
running install
running install_lib
creating /home/satyo03/TA/install/robotsatyo_pkg/lib/python3.10/site-packages/robotsatyo_pkg
copying /home/satyo03/TA/build/robotsatyo_pkg/build/lib/robotsatyo_pkg/__init__.py -> /home/satyo03/TA/install/robotsatyo_pkg/lib/python3.10/site-packages/robotsatyo_pkg
byte-compiling /home/satyo03/TA/install/robotsatyo_pkg/lib/python3.10/site-packages/robotsatyo_pkg/__init__.py to __init__.cpython-310.pyc
running install_data
creating /home/satyo03/TA/install/robotsatyo_pkg/share/robotsatyo_pkg/launch
copying launch/view_robot_launch.py -> /home/satyo03/TA/install/robotsatyo_pkg/share/robotsatyo_pkg/launch
creating /home/satyo03/TA/install/robotsatyo_pkg/share/robotsatyo_pkg/urdf
copying urdf/robot_padi.urdf -> /home/satyo03/TA/install/robotsatyo_pkg/share/robotsatyo_pkg/urdf
creating /home/satyo03/TA/install/robotsatyo_pkg/share/robotsatyo_pkg/rviz
copying rviz/view.rviz -> /home/satyo03/TA/install/robotsatyo_pkg/share/robotsatyo_pkg/rviz
creating /home/satyo03/TA/install/robotsatyo_pkg/share/robotsatyo_pkg/worlds
copying worlds/worlds.sdf -> /home/satyo03/TA/install/robotsatyo_pkg/share/robotsatyo_pkg/worlds
copying package.xml -> /home/satyo03/TA/install/robotsatyo_pkg/share/robotsatyo_pkg
running install_egg_info
Copying ../build/robotsatyo_pkg/robotsatyo_pkg.egg-info to /home/satyo03/TA/install/robotsatyo_pkg/lib/python3.10/site-packages/robotsatyo_pkg-0.0.0-py3.10.egg-info
running install_scripts
writing list of installed files to '/home/satyo03/TA/build/robotsatyo_pkg/install.log'
