[0.930s] Invoking command in '/home/satyo03/TA/robotsatyo_pkg': PYTHONPATH=/home/satyo03/TA/build/robotsatyo_pkg/prefix_override:/usr/lib/python3/dist-packages/colcon_core/task/python/colcon_distutils_commands:/home/satyo03/TA/install/robotsatyo_pkg/lib/python3.10/site-packages:${PYTHONPATH} /usr/bin/python3 -W ignore:setup.py install is deprecated -W ignore:easy_install command is deprecated setup.py egg_info --egg-base ../build/robotsatyo_pkg build --build-base /home/satyo03/TA/build/robotsatyo_pkg/build install --record /home/satyo03/TA/build/robotsatyo_pkg/install.log --single-version-externally-managed install_data
[1.277s] running egg_info
[1.277s] creating ../build/robotsatyo_pkg/robotsatyo_pkg.egg-info
[1.277s] writing ../build/robotsatyo_pkg/robotsatyo_pkg.egg-info/PKG-INFO
[1.277s] writing dependency_links to ../build/robotsatyo_pkg/robotsatyo_pkg.egg-info/dependency_links.txt
[1.277s] writing entry points to ../build/robotsatyo_pkg/robotsatyo_pkg.egg-info/entry_points.txt
[1.278s] writing requirements to ../build/robotsatyo_pkg/robotsatyo_pkg.egg-info/requires.txt
[1.278s] writing top-level names to ../build/robotsatyo_pkg/robotsatyo_pkg.egg-info/top_level.txt
[1.278s] writing manifest file '../build/robotsatyo_pkg/robotsatyo_pkg.egg-info/SOURCES.txt'
[1.281s] reading manifest file '../build/robotsatyo_pkg/robotsatyo_pkg.egg-info/SOURCES.txt'
[1.283s] writing manifest file '../build/robotsatyo_pkg/robotsatyo_pkg.egg-info/SOURCES.txt'
[1.283s] running build
[1.283s] running build_py
[1.284s] creating /home/satyo03/TA/build/robotsatyo_pkg/build
[1.284s] creating /home/satyo03/TA/build/robotsatyo_pkg/build/lib
[1.284s] creating /home/satyo03/TA/build/robotsatyo_pkg/build/lib/robotsatyo_pkg
[1.284s] copying robotsatyo_pkg/__init__.py -> /home/satyo03/TA/build/robotsatyo_pkg/build/lib/robotsatyo_pkg
[1.284s] running install
[1.284s] running install_lib
[1.286s] creating /home/satyo03/TA/install/robotsatyo_pkg/lib/python3.10/site-packages/robotsatyo_pkg
[1.286s] copying /home/satyo03/TA/build/robotsatyo_pkg/build/lib/robotsatyo_pkg/__init__.py -> /home/satyo03/TA/install/robotsatyo_pkg/lib/python3.10/site-packages/robotsatyo_pkg
[1.287s] byte-compiling /home/satyo03/TA/install/robotsatyo_pkg/lib/python3.10/site-packages/robotsatyo_pkg/__init__.py to __init__.cpython-310.pyc
[1.288s] running install_data
[1.288s] creating /home/satyo03/TA/install/robotsatyo_pkg/share/robotsatyo_pkg/launch
[1.290s] copying launch/view_robot_launch.py -> /home/satyo03/TA/install/robotsatyo_pkg/share/robotsatyo_pkg/launch
[1.290s] creating /home/satyo03/TA/install/robotsatyo_pkg/share/robotsatyo_pkg/urdf
[1.290s] copying urdf/robot_padi.urdf -> /home/satyo03/TA/install/robotsatyo_pkg/share/robotsatyo_pkg/urdf
[1.290s] creating /home/satyo03/TA/install/robotsatyo_pkg/share/robotsatyo_pkg/rviz
[1.291s] copying rviz/view.rviz -> /home/satyo03/TA/install/robotsatyo_pkg/share/robotsatyo_pkg/rviz
[1.291s] creating /home/satyo03/TA/install/robotsatyo_pkg/share/robotsatyo_pkg/worlds
[1.291s] copying worlds/worlds.sdf -> /home/satyo03/TA/install/robotsatyo_pkg/share/robotsatyo_pkg/worlds
[1.291s] copying package.xml -> /home/satyo03/TA/install/robotsatyo_pkg/share/robotsatyo_pkg
[1.291s] running install_egg_info
[1.296s] Copying ../build/robotsatyo_pkg/robotsatyo_pkg.egg-info to /home/satyo03/TA/install/robotsatyo_pkg/lib/python3.10/site-packages/robotsatyo_pkg-0.0.0-py3.10.egg-info
[1.298s] running install_scripts
[1.325s] writing list of installed files to '/home/satyo03/TA/build/robotsatyo_pkg/install.log'
[1.361s] Invoked command in '/home/satyo03/TA/robotsatyo_pkg' returned '0': PYTHONPATH=/home/satyo03/TA/build/robotsatyo_pkg/prefix_override:/usr/lib/python3/dist-packages/colcon_core/task/python/colcon_distutils_commands:/home/satyo03/TA/install/robotsatyo_pkg/lib/python3.10/site-packages:${PYTHONPATH} /usr/bin/python3 -W ignore:setup.py install is deprecated -W ignore:easy_install command is deprecated setup.py egg_info --egg-base ../build/robotsatyo_pkg build --build-base /home/satyo03/TA/build/robotsatyo_pkg/build install --record /home/satyo03/TA/build/robotsatyo_pkg/install.log --single-version-externally-managed install_data
